C51 COMPILER V9.01   XPT2046                                                               11/26/2019 21:50:49 PAGE 1   


C51 COMPILER V9.01, COMPILATION OF MODULE XPT2046
OBJECT MODULE PLACED IN Z:\XPT2046.obj
COMPILER INVOKED BY: F:\mdk4\C51\BIN\C51.EXE XPT2046.c BROWSE ORDER DEBUG OBJECTEXTEND OBJECT(Z:\XPT2046.obj)

line level    source

   1          #include"XPT2046.h"
   2          /****************************************************************************
   3          *函数名：TSPI_Start
   4          *输  入：无
   5          *输  出：无
   6          *功  能：初始化触摸SPI
   7          ****************************************************************************/
   8          
   9          void SPI_Start(void)
  10          {
  11   1          CLK = 0;
  12   1          CS  = 1;
  13   1          DIN = 1;
  14   1          CLK = 1;
  15   1          CS  = 0;
  16   1      }
  17          /****************************************************************************
  18          *函数名：SPI_Write
  19          *输  入：dat：写入数据
  20          *功  能：使用SPI写入数据
  21          ****************************************************************************/
  22          
  23          void SPI_Write(uchar dat)
  24          {
  25   1          uchar i;
  26   1          CLK = 0;
  27   1          for(i=0; i<8; i++)
  28   1          {
  29   2              DIN = dat >> 7;         //放置最高位
  30   2              dat <<= 1;
  31   2              CLK = 0;                        //上升沿放置数据
  32   2      
  33   2              CLK = 1;
  34   2      
  35   2          }
  36   1      }
  37          /****输  出：dat：读取 到的数据
  38          *功  能：使用SPI读取数据
  39          ****************************************************************************/
  40          
  41          uint SPI_Read(void)
  42          {
  43   1          uint i, dat=0;
  44   1          CLK = 0;
  45   1          for(i=0; i<12; i++)         //接收12位数据
  46   1          {
  47   2              dat <<= 1;
  48   2      
  49   2              CLK = 1;
  50   2              CLK = 0;
  51   2      
  52   2              dat |= DOUT;
  53   2      
  54   2          }
  55   1          return dat;
C51 COMPILER V9.01   XPT2046                                                               11/26/2019 21:50:49 PAGE 2   

  56   1      }
  57          
  58          /****输  入：cmd：读取的X或者Y
  59          *输  出：endValue：最终信号处理后返回的值
  60          *功  能：读取触摸数据   */
  61          uint Read_AD_Data(uchar cmd)
  62          {
  63   1          uchar i;
  64   1          uint AD_Value;
  65   1          CLK = 0;
  66   1          CS  = 0;
  67   1          SPI_Write(cmd);
  68   1          for(i=6; i>0; i--);         //延时等待转换结果
  69   1          CLK = 1;      //发送一个时钟周期，清除BUSY
  70   1          _nop_();
  71   1          _nop_();
  72   1          CLK = 0;
  73   1          _nop_();
  74   1          _nop_();
  75   1          AD_Value=SPI_Read();
  76   1          CS = 1;
  77   1          return AD_Value;
  78   1      }


MODULE INFORMATION:   STATIC OVERLAYABLE
   CODE SIZE        =    100    ----
   CONSTANT SIZE    =   ----    ----
   XDATA SIZE       =   ----    ----
   PDATA SIZE       =   ----    ----
   DATA SIZE        =   ----    ----
   IDATA SIZE       =   ----    ----
   BIT SIZE         =   ----    ----
END OF MODULE INFORMATION.


C51 COMPILATION COMPLETE.  0 WARNING(S),  0 ERROR(S)
