C51 COMPILER V9.01   TEMP                                                                  11/30/2019 02:05:07 PAGE 1   


C51 COMPILER V9.01, COMPILATION OF MODULE TEMP
OBJECT MODULE PLACED IN temp.OBJ
COMPILER INVOKED BY: F:\mdk4\C51\BIN\C51.EXE temp.c BROWSE DEBUG OBJECTEXTEND

line level    source

   1          #include"temp.h"
   2          
   3          extern void _delay_ms(int);
   4          extern void _delay_us(int);
   5          /*******************************************************************************
   6          * 函数名         : Delay1ms
   7          * 函数功能                 : 延时函数
   8          ***/
   9          
  10          void Delay1ms(unsigned int y)
  11          {
  12   1              unsigned int x;
  13   1              for(y;y>0;y--)
  14   1                      for(x=110;x>0;x--);
  15   1      }
  16          
  17          /*******************************************************************************
  18          * 函数名         : Ds18b20Init
  19          * 函数功能                 : 初始化
  20          * 输入           : 无
  21          * 输出           : 初始化成功返回1，失败返回0
  22          *******************************************************************************/
  23          unsigned char Ds18b20Init()        {
  24   1              unsigned int i;
  25   1              DSPORT=0;                        //将总线拉低480us~960us
  26   1              i=70;   
  27   1              while(i--);//延时642us
  28   1              DSPORT=1;                       //然后拉高总线，如果DS18B20做出反应会将在15us~60us后总线拉低
  29   1              i=0;
  30   1              while(DSPORT)   //等待DS18B20拉低总线
  31   1              {
  32   2                      i++;
  33   2                      if(i>5000)//等待>5MS
  34   2                              return 0;//初始化失败   
  35   2              }
  36   1              return 1;//初始化成功
  37   1      }
  38          
  39          /*******************************************************************************
  40          * 函数名         : Ds18b20WriteByte
  41          * 函数功能                 : 向18B20写入一个字节
  42          * 输入           : com
  43          * 输出           : 无
  44          *******************************************************************************/
  45          
  46          void Ds18b20WriteByte(unsigned char dat)
  47          {
  48   1              unsigned int i,j;
  49   1              for(j=0;j<8;j++)
  50   1              {
  51   2                      DSPORT=0;                       //每写入一位数据之前先把总线拉低1us
  52   2                      i++;
  53   2                      DSPORT=dat&0x01; //然后写入一个数据，从最低位开始
  54   2                      i=6;
  55   2                      while(i--); //延时68us，持续时间最少60us
C51 COMPILER V9.01   TEMP                                                                  11/30/2019 02:05:07 PAGE 2   

  56   2                      DSPORT=1;       //然后释放总线，至少1us给总线恢复时间才能接着写入第二个数值
  57   2                      dat>>=1;
  58   2              }
  59   1      }
  60          /*******************************************************************************
  61          * 函数名         : Ds18b20ReadByte
  62          * 函数功能                 : 读取一个字节
  63          * 输入           : com
  64          * 输出           : 无
  65          *******************************************************************************/
  66           unsigned char Ds18b20ReadByte()
  67          {
  68   1              unsigned char byte,bi;
  69   1              unsigned int i,j;       
  70   1              for(j=8;j>0;j--)
  71   1              {
  72   2                      DSPORT=0;//先将总线拉低1us
  73   2                      i++;
  74   2                      DSPORT=1;//然后释放总线
  75   2                      i++;
  76   2                      i++;//延时6us等待数据稳定
  77   2                      bi=DSPORT;       //读取数据，从最低位开始读取
  78   2                      /*将byte左移一位，然后与上右移7位后的bi，注意移动之后移掉那位补0。*/
  79   2                      byte=(byte>>1)|(bi<<7);                                           
  80   2                      i=4;            //读取完之后等待48us再接着读取下一个数
  81   2                      while(i--);
  82   2              }                               
  83   1              return byte;
  84   1      }
  85          /*******************************************************************************
  86          * 函数名         : Ds18b20ChangTemp
  87          * 函数功能                 : 让18b20开始转换温度
  88          * 输入           : com
  89          * 输出           : 无
  90          *******************************************************************************/
  91          
  92          void  Ds18b20ChangTemp()
  93          {
  94   1              Ds18b20Init();
  95   1              _delay_us(200);
  96   1              Ds18b20WriteByte(0xcc);         //跳过ROM操作命令                
  97   1              Ds18b20WriteByte(0x44);     //温度转换命令
  98   1      //      _delay_us(2000);        //等待转换成功，而如果你是一直刷着的话，就不用这个延时了
  99   1         
 100   1      }
 101          /*******************************************************************************
 102          * 函数名         : Ds18b20ReadTempCom
 103          * 函数功能                 : 发送读取温度命令
 104          * 输入           : com
 105          * 输出           : 无
 106          *******************************************************************************/
 107          
 108          void  Ds18b20ReadTempCom()
 109          {       
 110   1      
 111   1              Ds18b20Init();
 112   1              _delay_us(200);
 113   1              Ds18b20WriteByte(0xcc);  //跳过ROM操作命令
 114   1              Ds18b20WriteByte(0xbe);  //发送读取温度命令
 115   1      }
 116          /*******************************************************************************
 117          * 函数名         : Ds18b20ReadTemp
C51 COMPILER V9.01   TEMP                                                                  11/30/2019 02:05:07 PAGE 3   

 118          * 函数功能                 : 读取温度
 119          * 输入           : com
 120          * 输出           : 无
 121          *******************************************************************************/
 122          
 123          int Ds18b20ReadTemp()
 124          {
 125   1              int temp=0;
 126   1              unsigned char tmh,tml;
 127   1              Ds18b20ChangTemp();                             //先写入转换命令
 128   1              Ds18b20ReadTempCom();                   //然后等待转换完后发送读取温度命令
 129   1              tml=Ds18b20ReadByte();          //读取温度值共16位，先读低字节
 130   1              tmh=Ds18b20ReadByte();          //再读高字节
 131   1              temp=tmh;               temp<<=8;       temp|=tml;              return temp;
 132   1      }
 133          
 134          


MODULE INFORMATION:   STATIC OVERLAYABLE
   CODE SIZE        =    253    ----
   CONSTANT SIZE    =   ----    ----
   XDATA SIZE       =   ----    ----
   PDATA SIZE       =   ----    ----
   DATA SIZE        =   ----       3
   IDATA SIZE       =   ----    ----
   BIT SIZE         =   ----    ----
END OF MODULE INFORMATION.


C51 COMPILATION COMPLETE.  0 WARNING(S),  0 ERROR(S)
